#
# There is insufficient memory for the Java Runtime Environment to continue.
# Native memory allocation (mmap) failed to map 268435456 bytes for G1 virtual space
# Possible reasons:
#   The system is out of physical RAM or swap space
#   The process is running with CompressedOops enabled, and the Java Heap may be blocking the growth of the native heap
# Possible solutions:
#   Reduce memory load on the system
#   Increase physical memory or swap space
#   Check if swap backing store is full
#   Decrease Java heap size (-Xmx/-Xms)
#   Decrease number of Java threads
#   Decrease Java thread stack sizes (-Xss)
#   Set larger code cache with -XX:ReservedCodeCacheSize=
#   JVM is running with Zero Based Compressed Oops mode in which the Java heap is
#     placed in the first 32GB address space. The Java Heap base address is the
#     maximum limit for the native heap growth. Please use -XX:HeapBaseMinAddress
#     to set the Java Heap base and to place the Java Heap above 32GB virtual address.
# This output file may be truncated or incomplete.
#
#  Out of Memory Error (os_windows.cpp:3528), pid=11296, tid=17012
#
# JRE version:  (20.0.1+9) (build )
# Java VM: OpenJDK 64-Bit Server VM (20.0.1+9-29, mixed mode, sharing, tiered, compressed oops, compressed class ptrs, g1 gc, windows-amd64)
# No core dump will be written. Minidumps are not enabled by default on client versions of Windows
#

---------------  S U M M A R Y ------------

Command Line: -Dstdout.encoding=UTF-8 -Dfile.encoding=UTF-8 -XX:+ShowCodeDetailsInExceptionMessages application.jeu.JeuLabyrinthe

Host: Intel(R) Core(TM) i7-7700 CPU @ 3.60GHz, 8 cores, 15G,  Windows 11 , 64 bit Build 22000 (10.0.22000.1880)
Time: Sat Jun  3 18:23:33 2023 Paris, Madrid (heure duild 22000 (10.0.22000.1880) elapsed time: 0.255131 seconds (0d 0h 0m 0s)

---------------  T H R E A D  ---------------

Current thread (0x0000019868fbbed0):  JavaThread "Unknown thread" [_thread_in_vm, id=17012, stack(0x0000009578200000,0x0000009578300000)]

Stack: [0x0000009578200000,0x0000009578300000]
Native frames: (J=compiled Java code, j=interpreted, Vv=VM code, C=native code)
V  [jvm.dll+0x6bb95a]
V  [jvm.dll+0x8485fa]
V  [jvm.dll+0x84a1f5]
V  [jvm.dll+0x84a8f3]
V  [jvm.dll+0x280b0f]
V  [jvm.dll+0x6b86e9]
V  [jvm.dll+0x6ad2da]
V  [jvm.dll+0x35adf5]
V  [jvm.dll+0x363016]
V  [jvm.dll+0x3b3b3e]
V  [jvm.dll+0x3b3dc5]
V  [jvm.dll+0x32b50a]
V  [jvm.dll+0x32c32b]
V  [jvm.dll+0x8112bf]
V  [jvm.dll+0x3c0d91]
V  [jvm.dll+0x7fcfe3]
V  [jvm.dll+0x44c76f]
V  [jvm.dll+0x44e0e1]
C  [jli.dll+0x5287]
C  [ucrtbase.dll+0x26c0c]
C  [KERNEL32.DLL+0x155a0]
C  [ntdll.dll+0x485b]


---------------  P R O C E S S  ---------------

Threads class SMR info:
_java_thread_list=0x00007ffc3324a098, length=0, elements={
}

Java Threads: ( => current thread )

Other Threads:
  0x000001986902eae0 WorkerThread "GC Thread#0" [stack: 0x0000009578300000,0x0000009578400000] [id=18504]
  0x000001986903f900 ConcurrentGCThread "G1 Main Marker" [stack: 0x0000009578400000,0x0000009578500000] [id=16084]
  0x0000019869040dd0 WorkerThread "G1 Conc#0" [stack: 0x0000009578500000,0x0000009578600000] [id=18780]

[error occurred during error reporting (printing all threads), id 0xc0000005, EXCEPTION_ACCESS_VIOLATION (0xc0000005) at pc=0x00007ffc32a2eb47]
VM state: not at safepoint (not fully initialized)

VM Mutex/Monitor currently owned by a thread:  ([mutex/lock_event])
[0x0000019868fb7e40] Heap_lock - owner thread: 0x0000019868fbbed0

Heap address: 0x0000000700e00000, size: 4082 MB, Compressed Oops mode: Zero based, Oop shift amount: 3

CDS archive(s) mapped at: [0x0000000000000000-0x0000000000000000-0x0000000000000000), size 0, SharedBaseAddress: 0x0000000800000000, ArchiveRelocationMode: 0.
Narrow klass base: 0x0000000000000000, Narrow klass shift: 0, Narrow klass range: 0x0

GC Precious Log:
 CardTable entry size: 512
 Card Set container configuration: InlinePtr #cards 4 size 8 Array Of Cards #cards 16 size 48 Howl #buckets 8 coarsen threshold 3686 Howl Bitmap #cards 512 size 80 coarsen threshold 460 Card regions per heap region 1 cards per card region 4096

Heap:
 garbage-first heap   total 0K, used 0K [0x0000000700e00000, 0x0000000800000000)
  region size 2048K, 0 young (0K), 0 survivors (0K)

[error occurred during error reporting (printing heap information), id 0xc0000005, EXCEPTION_ACCESS_VIOLATION (0xc0000005) at pc=0x00007ffc32e03c59]
GC Heap History (0 events):
No events

Dll operation events (1 events):
Event: 0.009 Loaded shared library D:\jdk-20\bin\java.dll

Deoptimization events (0 events):
No events

Classes loaded (0 events):
No events

Classes unloaded (0 events):
No events

Classes redefined (0 events):
No events

Internal exceptions (0 events):
No events

VM Operations (0 events):
No events

Events (0 events):
No events


Dynamic libraries:
0x00007ff63fc40000 - 0x00007ff63fc4e000 	D:\jdk-20\bin\javaw.exe
0x00007ffc6cbc0000 - 0x00007ffc6cdc9000 	C:\Windows\SYSTEM32\ntdll.dll
0x00007ffc6b030000 - 0x00007ffc6b0ee000 	C:\Windows\System32\KERNEL32.DLL
0x00007ffc6a340000 - 0x00007ffc6a6c4000 	C:\Windows\System32\KERNELBASE.dll
0x00007ffc6a700000 - 0x00007ffc6a811000 	C:\Windows\System32\ucrtbase.dll
0x00007ffc58de0000 - 0x00007ffc58dfb000 	D:\jdk-20\bin\VCRUNTIME140.dll
0x00007ffc58e00000 - 0x00007ffc58e17000 	D:\jdk-20\bin\jli.dll
0x00007ffc6be90000 - 0x00007ffc6c03d000 	C:\Windows\System32\USER32.dll
0x00007ffc581b0000 - 0x00007ffc58455000 	C:\Windows\WinSxS\amd64_microsoft.windows.common-controls_6595b64144ccf1df_6.0.22000.120_none_9d947278b86cc467\COMCTL32.dll
0x00007ffc6bae0000 - 0x00007ffc6bb83000 	C:\Windows\System32\msvcrt.dll
0x00007ffc6a6d0000 - 0x00007ffc6a6f6000 	C:\Windows\System32\win32u.dll
0x00007ffc6ab60000 - 0x00007ffc6ab8a000 	C:\Windows\System32\GDI32.dll
0x00007ffc6a890000 - 0x00007ffc6a9af000 	C:\Windows\System32\gdi32full.dll
0x00007ffc6a130000 - 0x00007ffc6a1cd000 	C:\Windows\System32\msvcp_win.dll
0x00007ffc6baa0000 - 0x00007ffc6bad1000 	C:\Windows\System32\IMM32.DLL
0x00007ffc58dd0000 - 0x00007ffc58ddc000 	D:\jdk-20\bin\vcruntime140_1.dll
0x00007ffc39700000 - 0x00007ffc3978e000 	D:\jdk-20\bin\msvcp140.dll
0x00007ffc326f0000 - 0x00007ffc33387000 	D:\jdk-20\bin\server\jvm.dll
0x00007ffc6b0f0000 - 0x00007ffc6b19f000 	C:\Windows\System32\ADVAPI32.dll
0x00007ffc6bcd0000 - 0x00007ffc6bd6e000 	C:\Windows\System32\sechost.dll
0x00007ffc6aa30000 - 0x00007ffc6ab51000 	C:\Windows\System32\RPCRT4.dll
0x00007ffc3b200000 - 0x00007ffc3b209000 	C:\Windows\SYSTEM32\WSOCK32.dll
0x00007ffc60c60000 - 0x00007ffc60c93000 	C:\Windows\SYSTEM32\WINMM.dll
0x00007ffc6c340000 - 0x00007ffc6c3af000 	C:\Windows\System32\WS2_32.dll
0x00007ffc61300000 - 0x00007ffc6130a000 	C:\Windows\SYSTEM32\VERSION.dll
0x00007ffc691e0000 - 0x00007ffc691f8000 	C:\Windows\SYSTEM32\kernel.appcore.dll
0x00007ffc55990000 - 0x00007ffc5599a000 	D:\jdk-20\bin\jimage.dll
0x00007ffc57630000 - 0x00007ffc57851000 	C:\Windows\SYSTEM32\DBGHELP.DLL
0x00007ffc515e0000 - 0x00007ffc51611000 	C:\Windows\SYSTEM32\dbgcore.DLL
0x00007ffc6a9b0000 - 0x00007ffc6aa2f000 	C:\Windows\System32\bcryptPrimitives.dll
0x00007ffc51940000 - 0x00007ffc51966000 	D:\jdk-20\bin\java.dll

dbghelp: loaded successfully - version: 4.0.5 - missing functions: none
symbol engine: initialized successfully - sym options: 0x614 - pdb path: .;D:\jdk-20\bin;C:\Windows\SYSTEM32;C:\Windows\WinSxS\amd64_microsoft.windows.common-controls_6595b64144ccf1df_6.0.22000.120_none_9d947278b86cc467;D:\jdk-20\bin\server

VM Arguments:
jvm_args: -Dstdout.encoding=UTF-8 -Dfile.encoding=UTF-8 -XX:+ShowCodeDetailsInExceptionMessages 
java_command: application.jeu.JeuLabyrinthe
java_class_path (initial): G:\workspaceSAE2.02\Labyrinthe\bin;C:\Users\thoma\.p2\pool\plugins\junit-jupiter-api_5.9.2.jar;C:\Users\thoma\.p2\pool\plugins\junit-jupiter-engine_5.9.2.jar;C:\Users\thoma\.p2\pool\plugins\junit-jupiter-migrationsupport_5.9.2.jar;C:\Users\thoma\.p2\pool\plugins\junit-jupiter-params_5.9.2.jar;C:\Users\thoma\.p2\pool\plugins\junit-platform-commons_1.9.2.jar;C:\Users\thoma\.p2\pool\plugins\junit-platform-engine_1.9.2.jar;C:\Users\thoma\.p2\pool\plugins\junit-platform-launcher_1.9.2.jar;C:\Users\thoma\.p2\pool\plugins\junit-platform-runner_1.9.2.jar;C:\Users\thoma\.p2\pool\plugins\junit-platform-suite-api_1.9.2.jar;C:\Users\thoma\.p2\pool\plugins\junit-platform-suite-engine_1.9.2.jar;C:\Users\thoma\.p2\pool\plugins\junit-platform-suite-commons_1.9.2.jar;C:\Users\thoma\.p2\pool\plugins\junit-vintage-engine_5.9.2.jar;C:\Users\thoma\.p2\pool\plugins\org.opentest4j_1.2.0.jar;C:\Users\thoma\.p2\pool\plugins\org.apiguardian.api_1.1.2.jar;C:\Users\thoma\.p2\pool\plugins\org.junit_4.13.2.v20211018-1956.jar;C:\Users\thoma\.p2\pool\plugins\org.hamcrest.core_1.3.0.v20180420-1519.jar
Launcher Type: SUN_STANDARD

[Global flags]
     intx CICompilerCount                          = 4                                         {product} {ergonomic}
     uint ConcGCThreads                            = 2                                         {product} {ergonomic}
     uint G1ConcRefinementThreads                  = 8                                         {product} {ergonomic}
   size_t G1HeapRegionSize                         = 2097152                                   {product} {ergonomic}
    uintx GCDrainStackTargetSize                   = 64                                        {product} {ergonomic}
   size_t InitialHeapSize                          = 268435456                                 {product} {ergonomic}
   size_t MarkStackSize                            = 4194304                                   {product} {ergonomic}
   size_t MaxHeapSize                              = 4280287232                                {product} {ergonomic}
   size_t MinHeapDeltaBytes                        = 2097152                                   {product} {ergonomic}
   size_t MinHeapSize                              = 8388608                                   {product} {ergonomic}
    uintx NonNMethodCodeHeapSize                   = 5839372                                {pd product} {ergonomic}
    uintx NonProfiledCodeHeapSize                  = 122909434                              {pd product} {ergonomic}
    uintx ProfiledCodeHeapSize                     = 122909434                              {pd product} {ergonomic}
    uintx ReservedCodeCacheSize                    = 251658240                              {pd product} {ergonomic}
     bool SegmentedCodeCache                       = true                                      {product} {ergonomic}
     bool ShowCodeDetailsInExceptionMessages       = true                                   {manageable} {command line}
   size_t SoftMaxHeapSize                          = 4280287232                             {manageable} {ergonomic}
     bool UseCompressedClassPointers               = true                           {product lp64_product} {ergonomic}
     bool UseCompressedOops                        = true                           {product lp64_product} {ergonomic}
     bool UseG1GC                                  = true                                      {product} {ergonomic}
     bool UseLargePagesIndividualAllocation        = false                                  {pd product} {ergonomic}

Logging:
Log output configuration:
 #0: stdout all=warning uptime,level,tags foldmultilines=false
 #1: stderr all=off uptime,level,tags foldmultilines=false

Environment Variables:
PATH=C:/Users/thoma/.p2/pool/plugins/org.eclipse.justj.openjdk.hotspot.jre.full.win32.x86_64_20.0.0.v20230324-1243/jre/bin/server;C:/Users/thoma/.p2/pool/plugins/org.eclipse.justj.openjdk.hotspot.jre.full.win32.x86_64_20.0.0.v20230324-1243/jre/bin;C:\Program Files (x86)\Common Files\Intel\Shared Libraries\redist\intel64\compiler;C:\Windows\system32;C:\Windows;C:\Windows\System32\Wbem;C:\Windows\System32\WindowsPowerShell\v1.0\;C:\Windows\System32\OpenSSH\;C:\Program Files\nodejs\;C:\Program Files\Git\cmd;C:\Users\thoma\AppData\Local\Microsoft\WindowsApps;C:\Users\thoma\AppData\Roaming\npm;C:\Users\thoma\AppData\Local\Programs\Microsoft VS Code\bin;C:\Program Files\heroku\bin;C:\Windows\System32;
USERNAME=thoma
OS=Windows_NT
PROCESSOR_IDENTIFIER=Intel64 Family 6 Model 158 Stepping 9, GenuineIntel
TMP=C:\Users\thoma\AppData\Local\Temp
TEMP=C:\Users\thoma\AppData\Local\Temp




---------------  S Y S T E M  ---------------

OS:
 Windows 11 , 64 bit Build 22000 (10.0.22000.1880)
OS uptime: 3 days 20:35 hours

CPU: total 8 (initial active 8) (4 cores per cpu, 2 threads per core) family 6 model 158 stepping 9 microcode 0xde, cx8, cmov, fxsr, ht, mmx, 3dnowpref, sse, sse2, sse3, ssse3, sse4.1, sse4.2, popcnt, lzcnt, tsc, tscinvbit, avx, avx2, aes, erms, clmul, bmi1, bmi2, rtm, adx, fma, vzeroupper, clflush, clflushopt, rdtscp, f16c

Memory: 4k page, system-wide physical 16321M (6819M free)
TotalPageFile size 31413M (AvailPageFile size 145M)
current process WorkingSet (physical memory assigned to process): 11M, peak: 11M
current process commit charge ("private bytes"): 60M, peak: 316M

vm_info: OpenJDK 64-Bit Server VM (20.0.1+9-29) for windows-amd64 JRE (20.0.1+9-29), built on 2023-03-07T13:56:11Z by "mach5one" with MS VC++ 17.1 (VS2022)

END.
